{
  "RSpec": {
    "coverage": {
      "/Users/apprentice/Desktop/pairBooked/app/helpers/application_helper.rb": [
        1,
        null
      ],
      "/Users/apprentice/Desktop/pairBooked/app/helpers/challenges_helper.rb": [
        1,
        null
      ],
      "/Users/apprentice/Desktop/pairBooked/app/helpers/home_helper.rb": [
        1,
        null
      ],
      "/Users/apprentice/Desktop/pairBooked/app/controllers/challenges_controller.rb": [
        1,
        1,
        0,
        null,
        null
      ],
      "/Users/apprentice/Desktop/pairBooked/app/controllers/application_controller.rb": [
        1,
        1,
        null
      ],
      "/Users/apprentice/Desktop/pairBooked/app/controllers/home_controller.rb": [
        1,
        1,
        null,
        null
      ],
      "/Users/apprentice/Desktop/pairBooked/app/channels/application_cable/channel.rb": [
        0,
        0,
        0,
        0
      ],
      "/Users/apprentice/Desktop/pairBooked/app/channels/application_cable/connection.rb": [
        0,
        0,
        0,
        0
      ],
      "/Users/apprentice/Desktop/pairBooked/app/jobs/application_job.rb": [
        0,
        0
      ],
      "/Users/apprentice/Desktop/pairBooked/app/mailers/application_mailer.rb": [
        0,
        0,
        0,
        0
      ],
      "/Users/apprentice/Desktop/pairBooked/app/models/application_record.rb": [
        0,
        0,
        0
      ],
      "/Users/apprentice/Desktop/pairBooked/app/models/challenge.rb": [
        0,
        0,
        0
      ]
    },
    "timestamp": 1478282841
  }
}
