{
  "RSpec": {
    "coverage": {
      "/Users/apprentice/final-project/pairBooked/app/helpers/application_helper.rb": [
        1,
        null
      ],
      "/Users/apprentice/final-project/pairBooked/app/helpers/login_helper.rb": [
        1,
        null
      ],
      "/Users/apprentice/final-project/pairBooked/app/channels/application_cable/channel.rb": [
        0,
        0,
        0,
        0
      ],
      "/Users/apprentice/final-project/pairBooked/app/channels/application_cable/connection.rb": [
        0,
        0,
        0,
        0
      ],
      "/Users/apprentice/final-project/pairBooked/app/controllers/application_controller.rb": [
        0,
        0,
        0
      ],
      "/Users/apprentice/final-project/pairBooked/app/controllers/login_controller.rb": [
        0,
        0,
        0,
        0,
        0
      ],
      "/Users/apprentice/final-project/pairBooked/app/jobs/application_job.rb": [
        0,
        0
      ],
      "/Users/apprentice/final-project/pairBooked/app/mailers/application_mailer.rb": [
        0,
        0,
        0,
        0
      ],
      "/Users/apprentice/final-project/pairBooked/app/models/application_record.rb": [
        0,
        0,
        0
      ],
      "/Users/apprentice/final-project/pairBooked/app/models/challenge.rb": [
        0,
        0,
        0
      ],
      "/Users/apprentice/final-project/pairBooked/app/models/student.rb": [
        0,
        0
      ]
    },
    "timestamp": 1478277227
  }
}
